2025-02-23 19:16:14 - DEBUG - Using proactor: IocpProactor
2025-02-23 19:16:14 - INFO - Assets path configured: D:\Jhonatan\Programação\Projetos\SeekBot Testes\Homologação\assets
2025-02-23 19:16:14 - DEBUG - Creating new PubSubHub instance
2025-02-23 19:16:14 - DEBUG - Creating new PubSubHub instance
2025-02-23 19:16:14 - INFO - Starting up TCP server on localhost:55294
2025-02-23 19:16:14 - INFO - Flet app has started...
2025-02-23 19:16:14 - DEBUG - Connected new TCP client
2025-02-23 19:16:14 - DEBUG - _on_message: {"action":"registerWebClient","payload":{"pageName":"","pageRoute":"/","pageWidth":"1264.0","pageHeight":"681.0","windowWidth":"1280.0","windowHeight":"720.0","windowTop":"10.0","windowLeft":"10.0","isPWA":"false","isWeb":"false","isDebug":"false","platform":"windows","platformBrightness":"dark","media":"{\"padding\":{\"top\":0.0,\"right\":0.0,\"bottom\":0.0,\"left\":0.0},\"view_padding\":{\"top\":0.0,\"right\":0.0,\"bottom\":0.0,\"left\":0.0},\"view_insets\":{\"top\":0.0,\"right\":0.0,\"bottom\":0.0,\"left\":0.0}}","sessionId":""}}
2025-02-23 19:16:14 - DEBUG - __send: {"action":"registerWebClient","payload":{"session":{"id":"","controls":{"page":{"i":"page","t":"page","p":"","c":[],"route":"/","width":"1264.0","height":"681.0","windowwidth":"1280.0","windowheight":"720.0","windowtop":"10.0","windowleft":"10.0","pwa":"false","web":"false","debug":"false","platform":"windows","platformBrightness":"dark","media":"{\"padding\":{\"top\":0.0,\"right\":0.0,\"bottom\":0.0,\"left\":0.0},\"view_padding\":{\"top\":0.0,\"right\":0.0,\"bottom\":0.0,\"left\":0.0},\"view_insets\":{\"top\":0.0,\"right\":0.0,\"bottom\":0.0,\"left\":0.0}}"}}},"error":"","appInactive":false}}
2025-02-23 19:16:14 - DEBUG - _process_command: get ['page', 'route'] {}
2025-02-23 19:16:14 - DEBUG - _process_command: get ['page', 'pwa'] {}
2025-02-23 19:16:14 - DEBUG - _process_command: get ['page', 'web'] {}
2025-02-23 19:16:14 - DEBUG - _process_command: get ['page', 'debug'] {}
2025-02-23 19:16:14 - DEBUG - _process_command: get ['page', 'platform'] {}
2025-02-23 19:16:14 - DEBUG - _process_command: get ['page', 'platformBrightness'] {}
2025-02-23 19:16:14 - DEBUG - _process_command: get ['page', 'media'] {}
2025-02-23 19:16:14 - DEBUG - _process_command: get ['page', 'width'] {}
2025-02-23 19:16:14 - DEBUG - _process_command: get ['page', 'height'] {}
2025-02-23 19:16:14 - DEBUG - _process_command: get ['page', 'windowWidth'] {}
2025-02-23 19:16:14 - DEBUG - _process_command: get ['page', 'windowHeight'] {}
2025-02-23 19:16:14 - DEBUG - _process_command: get ['page', 'windowTop'] {}
2025-02-23 19:16:14 - DEBUG - _process_command: get ['page', 'windowLeft'] {}
2025-02-23 19:16:14 - DEBUG - _process_command: get ['page', 'clientIP'] {}
2025-02-23 19:16:14 - DEBUG - _process_command: get ['page', 'clientUserAgent'] {}
2025-02-23 19:16:14 - INFO - App session started
2025-02-23 19:16:14 - DEBUG - _process_command: set ['page'] {'thememode': 'dark', 'title': 'SeekBot', 'windowheight': '480', 'windowwidth': '450'}
2025-02-23 19:16:14 - DEBUG - _process_command: add [] {'to': 'page', 'at': '0'}
2025-02-23 19:16:14 - DEBUG - _process_command: add [] {'to': 'page', 'at': '1'}
2025-02-23 19:16:14 - DEBUG - sent to TCP: 604
2025-02-23 19:16:14 - DEBUG - __send: {"action":"pageControlsBatch","payload":[{"action":"updateControlProps","payload":{"props":[{"i":"page","thememode":"dark","title":"SeekBot","windowheight":"480","windowwidth":"450"}]}},{"action":"addPageControls","payload":{"controls":[{"t":"view","i":"_1","p":"page","c":["_2","_17","_18","_27","_28","_42","_53"],"at":"0","horizontalalignment":"center","verticalalignment":"start"},{"t":"container","i":"_2","p":"_1","c":["_3"]},{"t":"column","i":"_3","p":"_2","c":["_4"],"alignment":"Center","n":"content","spacing":"20"},{"t":"row","i":"_4","p":"_3","c":["_5","_10"]},{"t":"column","i":"_5","p":"_4","c":["_6","_7"]},{"t":"text","i":"_6","p":"_5","c":[],"value":"Rede Social"},{"t":"dropdown","i":"_7","p":"_5","c":["_8","_9"],"hinttext":"Selecione","width":"200"},{"t":"dropdownoption","i":"_8","p":"_7","c":[],"key":"facebook"},{"t":"dropdownoption","i":"_9","p":"_7","c":[],"key":"instagram"},{"t":"column","i":"_10","p":"_4","c":["_11","_12"]},{"t":"text","i":"_11","p":"_10","c":[],"value":"Nicho"},{"t":"dropdown","i":"_12","p":"_10","c":["_13","_14","_15","_16"],"hinttext":"Selecione","width":"200"},{"t":"dropdownoption","i":"_13","p":"_12","c":[],"key":"roupas"},{"t":"dropdownoption","i":"_14","p":"_12","c":[],"key":"pets"},{"t":"dropdownoption","i":"_15","p":"_12","c":[],"key":"infantil"},{"t":"dropdownoption","i":"_16","p":"_12","c":[],"key":"autope\u00e7as"},{"t":"container","i":"_17","p":"_1","c":[],"height":"10"},{"t":"column","i":"_18","p":"_1","c":["_19"],"alignment":"Center","spacing":"20"},{"t":"column","i":"_19","p":"_18","c":["_20"]},{"t":"column","i":"_20","p":"_19","c":["_21","_22"]},{"t":"text","i":"_21","p":"_20","c":[],"value":"E-mail"},{"t":"row","i":"_22","p":"_20","c":["_23","_24","_25","_26"]},{"t":"checkbox","i":"_23","p":"_22","c":[],"label":"Gmail"},{"t":"checkbox","i":"_24","p":"_22","c":[],"label":"Hotmail"},{"t":"checkbox","i":"_25","p":"_22","c":[],"label":"Outlook"},{"t":"checkbox","i":"_26","p":"_22","c":[],"label":"Yahoo"},{"t":"container","i":"_27","p":"_1","c":[],"height":"10"},{"t":"column","i":"_28","p":"_1","c":["_29"],"alignment":"Center","spacing":"20"},{"t":"row","i":"_29","p":"_28","c":["_30","_36"]},{"t":"column","i":"_30","p":"_29","c":["_31","_32"]},{"t":"text","i":"_31","p":"_30","c":[],"value":"1\u00ba Regi\u00e3o"},{"t":"dropdown","i":"_32","p":"_30","c":["_33","_34","_35"],"hinttext":"Selecione o 1\u00ba DDD","width":"200"},{"t":"dropdownoption","i":"_33","p":"_32","c":[],"key":"11"},{"t":"dropdownoption","i":"_34","p":"_32","c":[],"key":"21"},{"t":"dropdownoption","i":"_35","p":"_32","c":[],"key":"31"},{"t":"column","i":"_36","p":"_29","c":["_37","_38"]},{"t":"text","i":"_37","p":"_36","c":[],"value":"2\u00ba Regi\u00e3o"},{"t":"dropdown","i":"_38","p":"_36","c":["_39","_40","_41"],"hinttext":"Selecione o 2\u00ba DDD","width":"200"},{"t":"dropdownoption","i":"_39","p":"_38","c":[],"key":"11"},{"t":"dropdownoption","i":"_40","p":"_38","c":[],"key":"21"},{"t":"dropdownoption","i":"_41","p":"_38","c":[],"key":"31"},{"t":"column","i":"_42","p":"_1","c":["_43"],"alignment":"Center","spacing":"20"},{"t":"row","i":"_43","p":"_42","c":["_44","_50"]},{"t":"column","i":"_44","p":"_43","c":["_45","_46"]},{"t":"text","i":"_45","p":"_44","c":[],"value":"Motor de Busca"},{"t":"dropdown","i":"_46","p":"_44","c":["_47","_48","_49"],"hinttext":"Defina um buscador","width":"202"},{"t":"dropdownoption","i":"_47","p":"_46","c":[],"key":"Google"},{"t":"dropdownoption","i":"_48","p":"_46","c":[],"key":"DuckDuckGo"},{"t":"dropdownoption","i":"_49","p":"_46","c":[],"key":"Bing"},{"t":"column","i":"_50","p":"_43","c":["_51","_52"]},{"t":"text","i":"_51","p":"_50","c":[]},{"t":"textfield","i":"_52","p":"_50","c":[],"label":"M\u00e1ximo de P\u00e1ginas","value":"5","width":"200"},{"t":"column","i":"_53","p":"_1","c":["_54"],"alignment":"Center","spacing":"20"},{"t":"row","i":"_54","p":"_53","c":["_55"]},{"t":"column","i":"_55","p":"_54","c":["_56","_57"]},{"t":"text","i":"_56","p":"_55","c":[]},{"t":"elevatedbutton","i":"_57","p":"_55","c":[],"bgcolor":"green600","height":"40","style":"{\"color\":\"white\",\"bgcolor\":\"green600\",\"elevation\":0,\"padding\":{},\"side\":{},\"shape\":{},\"text_style\":{\"default\":{\"size\":16,\"font_family\":\"Arial\"}}}","text":"CONFIRMAR","width":"120"}],"trimIDs":[]}},{"action":"addPageControls","payload":{"controls":[{"t":"offstage","i":"_58","p":"page","c":[],"at":"1"}],"trimIDs":[]}}]}
2025-02-23 19:16:14 - DEBUG - sent to TCP: 4427
2025-02-23 19:16:15 - DEBUG - _on_message: {"action":"updateControlProps","payload":{"props":[{"i":"page","width":"434.0","height":"441.0","windowwidth":"450.0","windowheight":"480.0","windowtop":"10.0","windowleft":"10.0","windowminimized":"false","windowmaximized":"false","windowfocused":"true","windowfullscreen":"false"}]}}
2025-02-23 19:16:15 - DEBUG - page.on_event_async: page change [{"i":"page","width":"434.0","height":"441.0","windowwidth":"450.0","windowheight":"480.0","windowtop":"10.0","windowleft":"10.0","windowminimized":"false","windowmaximized":"false","windowfocused":"true","windowfullscreen":"false"}]
2025-02-23 19:16:15 - DEBUG - _on_message: {"action":"pageEventFromWeb","payload":{"eventTarget":"page","eventName":"resized","eventData":"{\"width\":434.0,\"height\":441.0}"}}
2025-02-23 19:16:15 - DEBUG - page.on_event_async: page resized {"width":434.0,"height":441.0}
2025-02-23 19:16:17 - DEBUG - _on_message: {"action":"updateControlProps","payload":{"props":[{"i":"page","windowwidth":"450.0","windowheight":"480.0","windowtop":"120.0","windowleft":"-890.0","windowminimized":"false","windowmaximized":"false","windowfocused":"true","windowfullscreen":"false"}]}}
2025-02-23 19:16:17 - DEBUG - page.on_event_async: page change [{"i":"page","windowwidth":"450.0","windowheight":"480.0","windowtop":"120.0","windowleft":"-890.0","windowminimized":"false","windowmaximized":"false","windowfocused":"true","windowfullscreen":"false"}]
2025-02-23 19:16:17 - DEBUG - _on_message: {"action":"pageEventFromWeb","payload":{"eventTarget":"page","eventName":"window_event","eventData":"moved"}}
2025-02-23 19:16:17 - DEBUG - page.on_event_async: page window_event moved
2025-02-23 19:16:22 - DEBUG - _on_message: {"action":"pageEventFromWeb","payload":{"eventTarget":"page","eventName":"app_lifecycle_state_change","eventData":"inactive"}}
2025-02-23 19:16:22 - DEBUG - page.on_event_async: page app_lifecycle_state_change inactive
2025-02-23 19:16:22 - DEBUG - _on_message: {"action":"updateControlProps","payload":{"props":[{"i":"page","windowwidth":"450.0","windowheight":"480.0","windowtop":"120.0","windowleft":"-890.0","windowminimized":"false","windowmaximized":"false","windowfocused":"false","windowfullscreen":"false"}]}}
2025-02-23 19:16:22 - DEBUG - page.on_event_async: page change [{"i":"page","windowwidth":"450.0","windowheight":"480.0","windowtop":"120.0","windowleft":"-890.0","windowminimized":"false","windowmaximized":"false","windowfocused":"false","windowfullscreen":"false"}]
2025-02-23 19:16:22 - DEBUG - _on_message: {"action":"pageEventFromWeb","payload":{"eventTarget":"page","eventName":"window_event","eventData":"blur"}}
2025-02-23 19:16:22 - DEBUG - page.on_event_async: page window_event blur
2025-02-23 19:16:29 - DEBUG - Using proactor: IocpProactor
2025-02-23 19:16:29 - INFO - Assets path configured: D:\Jhonatan\Programação\Projetos\SeekBot Testes\Homologação\assets
2025-02-23 19:16:29 - DEBUG - Creating new PubSubHub instance
2025-02-23 19:16:29 - DEBUG - Creating new PubSubHub instance
2025-02-23 19:16:29 - INFO - Starting up TCP server on localhost:55294
2025-02-23 19:16:29 - INFO - Flet app has started...
2025-02-23 19:16:29 - DEBUG - Connected new TCP client
2025-02-23 19:16:29 - DEBUG - _on_message: {"action":"registerWebClient","payload":{"pageName":"","pageRoute":"/","pageWidth":"1264.0","pageHeight":"681.0","windowWidth":"450.0","windowHeight":"480.0","windowTop":"120.0","windowLeft":"-890.0","isPWA":"false","isWeb":"false","isDebug":"false","platform":"windows","platformBrightness":"dark","media":"{\"padding\":{\"top\":0.0,\"right\":0.0,\"bottom\":0.0,\"left\":0.0},\"view_padding\":{\"top\":0.0,\"right\":0.0,\"bottom\":0.0,\"left\":0.0},\"view_insets\":{\"top\":0.0,\"right\":0.0,\"bottom\":0.0,\"left\":0.0}}","sessionId":""}}
2025-02-23 19:16:29 - DEBUG - __send: {"action":"registerWebClient","payload":{"session":{"id":"","controls":{"page":{"i":"page","t":"page","p":"","c":[],"route":"/","width":"1264.0","height":"681.0","windowwidth":"450.0","windowheight":"480.0","windowtop":"120.0","windowleft":"-890.0","pwa":"false","web":"false","debug":"false","platform":"windows","platformBrightness":"dark","media":"{\"padding\":{\"top\":0.0,\"right\":0.0,\"bottom\":0.0,\"left\":0.0},\"view_padding\":{\"top\":0.0,\"right\":0.0,\"bottom\":0.0,\"left\":0.0},\"view_insets\":{\"top\":0.0,\"right\":0.0,\"bottom\":0.0,\"left\":0.0}}"}}},"error":"","appInactive":false}}
2025-02-23 19:16:29 - DEBUG - _process_command: get ['page', 'route'] {}
2025-02-23 19:16:29 - DEBUG - _process_command: get ['page', 'pwa'] {}
2025-02-23 19:16:29 - DEBUG - _process_command: get ['page', 'web'] {}
2025-02-23 19:16:29 - DEBUG - _process_command: get ['page', 'debug'] {}
2025-02-23 19:16:29 - DEBUG - _process_command: get ['page', 'platform'] {}
2025-02-23 19:16:29 - DEBUG - _process_command: get ['page', 'platformBrightness'] {}
2025-02-23 19:16:29 - DEBUG - _process_command: get ['page', 'media'] {}
2025-02-23 19:16:29 - DEBUG - _process_command: get ['page', 'width'] {}
2025-02-23 19:16:29 - DEBUG - _process_command: get ['page', 'height'] {}
2025-02-23 19:16:29 - DEBUG - _process_command: get ['page', 'windowWidth'] {}
2025-02-23 19:16:29 - DEBUG - _process_command: get ['page', 'windowHeight'] {}
2025-02-23 19:16:29 - DEBUG - _process_command: get ['page', 'windowTop'] {}
2025-02-23 19:16:29 - DEBUG - _process_command: get ['page', 'windowLeft'] {}
2025-02-23 19:16:29 - DEBUG - _process_command: get ['page', 'clientIP'] {}
2025-02-23 19:16:29 - DEBUG - _process_command: get ['page', 'clientUserAgent'] {}
2025-02-23 19:16:29 - INFO - App session started
2025-02-23 19:16:29 - DEBUG - _process_command: set ['page'] {'thememode': 'dark', 'title': 'SeekBot', 'windowheight': '480', 'windowwidth': '450'}
2025-02-23 19:16:29 - DEBUG - _process_command: add [] {'to': 'page', 'at': '0'}
2025-02-23 19:16:29 - DEBUG - _process_command: add [] {'to': 'page', 'at': '1'}
2025-02-23 19:16:29 - DEBUG - sent to TCP: 606
2025-02-23 19:16:29 - DEBUG - __send: {"action":"pageControlsBatch","payload":[{"action":"updateControlProps","payload":{"props":[{"i":"page","thememode":"dark","title":"SeekBot","windowheight":"480","windowwidth":"450"}]}},{"action":"addPageControls","payload":{"controls":[{"t":"view","i":"_1","p":"page","c":["_2","_17","_18","_27","_28","_42","_53"],"at":"0","horizontalalignment":"center","verticalalignment":"start"},{"t":"container","i":"_2","p":"_1","c":["_3"]},{"t":"column","i":"_3","p":"_2","c":["_4"],"alignment":"Center","n":"content","spacing":"20"},{"t":"row","i":"_4","p":"_3","c":["_5","_10"]},{"t":"column","i":"_5","p":"_4","c":["_6","_7"]},{"t":"text","i":"_6","p":"_5","c":[],"value":"Rede Social"},{"t":"dropdown","i":"_7","p":"_5","c":["_8","_9"],"hinttext":"Selecione","width":"200"},{"t":"dropdownoption","i":"_8","p":"_7","c":[],"key":"facebook"},{"t":"dropdownoption","i":"_9","p":"_7","c":[],"key":"instagram"},{"t":"column","i":"_10","p":"_4","c":["_11","_12"]},{"t":"text","i":"_11","p":"_10","c":[],"value":"Nicho"},{"t":"dropdown","i":"_12","p":"_10","c":["_13","_14","_15","_16"],"hinttext":"Selecione","width":"200"},{"t":"dropdownoption","i":"_13","p":"_12","c":[],"key":"roupas"},{"t":"dropdownoption","i":"_14","p":"_12","c":[],"key":"pets"},{"t":"dropdownoption","i":"_15","p":"_12","c":[],"key":"infantil"},{"t":"dropdownoption","i":"_16","p":"_12","c":[],"key":"autope\u00e7as"},{"t":"container","i":"_17","p":"_1","c":[],"height":"10"},{"t":"column","i":"_18","p":"_1","c":["_19"],"alignment":"Center","spacing":"20"},{"t":"column","i":"_19","p":"_18","c":["_20"]},{"t":"column","i":"_20","p":"_19","c":["_21","_22"]},{"t":"text","i":"_21","p":"_20","c":[],"value":"E-mail"},{"t":"row","i":"_22","p":"_20","c":["_23","_24","_25","_26"]},{"t":"checkbox","i":"_23","p":"_22","c":[],"label":"Gmail"},{"t":"checkbox","i":"_24","p":"_22","c":[],"label":"Hotmail"},{"t":"checkbox","i":"_25","p":"_22","c":[],"label":"Outlook"},{"t":"checkbox","i":"_26","p":"_22","c":[],"label":"Yahoo"},{"t":"container","i":"_27","p":"_1","c":[],"height":"20"},{"t":"column","i":"_28","p":"_1","c":["_29"],"alignment":"Center","spacing":"20"},{"t":"row","i":"_29","p":"_28","c":["_30","_36"]},{"t":"column","i":"_30","p":"_29","c":["_31","_32"]},{"t":"text","i":"_31","p":"_30","c":[],"value":"1\u00ba Regi\u00e3o"},{"t":"dropdown","i":"_32","p":"_30","c":["_33","_34","_35"],"hinttext":"Selecione o 1\u00ba DDD","width":"200"},{"t":"dropdownoption","i":"_33","p":"_32","c":[],"key":"11"},{"t":"dropdownoption","i":"_34","p":"_32","c":[],"key":"21"},{"t":"dropdownoption","i":"_35","p":"_32","c":[],"key":"31"},{"t":"column","i":"_36","p":"_29","c":["_37","_38"]},{"t":"text","i":"_37","p":"_36","c":[],"value":"2\u00ba Regi\u00e3o"},{"t":"dropdown","i":"_38","p":"_36","c":["_39","_40","_41"],"hinttext":"Selecione o 2\u00ba DDD","width":"200"},{"t":"dropdownoption","i":"_39","p":"_38","c":[],"key":"11"},{"t":"dropdownoption","i":"_40","p":"_38","c":[],"key":"21"},{"t":"dropdownoption","i":"_41","p":"_38","c":[],"key":"31"},{"t":"column","i":"_42","p":"_1","c":["_43"],"alignment":"Center","spacing":"20"},{"t":"row","i":"_43","p":"_42","c":["_44","_50"]},{"t":"column","i":"_44","p":"_43","c":["_45","_46"]},{"t":"text","i":"_45","p":"_44","c":[],"value":"Motor de Busca"},{"t":"dropdown","i":"_46","p":"_44","c":["_47","_48","_49"],"hinttext":"Defina um buscador","width":"202"},{"t":"dropdownoption","i":"_47","p":"_46","c":[],"key":"Google"},{"t":"dropdownoption","i":"_48","p":"_46","c":[],"key":"DuckDuckGo"},{"t":"dropdownoption","i":"_49","p":"_46","c":[],"key":"Bing"},{"t":"column","i":"_50","p":"_43","c":["_51","_52"]},{"t":"text","i":"_51","p":"_50","c":[]},{"t":"textfield","i":"_52","p":"_50","c":[],"label":"M\u00e1ximo de P\u00e1ginas","value":"5","width":"200"},{"t":"column","i":"_53","p":"_1","c":["_54"],"alignment":"Center","spacing":"20"},{"t":"row","i":"_54","p":"_53","c":["_55"]},{"t":"column","i":"_55","p":"_54","c":["_56","_57"]},{"t":"text","i":"_56","p":"_55","c":[]},{"t":"elevatedbutton","i":"_57","p":"_55","c":[],"bgcolor":"green600","height":"40","style":"{\"color\":\"white\",\"bgcolor\":\"green600\",\"elevation\":0,\"padding\":{},\"side\":{},\"shape\":{},\"text_style\":{\"default\":{\"size\":16,\"font_family\":\"Arial\"}}}","text":"CONFIRMAR","width":"120"}],"trimIDs":[]}},{"action":"addPageControls","payload":{"controls":[{"t":"offstage","i":"_58","p":"page","c":[],"at":"1"}],"trimIDs":[]}}]}
2025-02-23 19:16:29 - DEBUG - sent to TCP: 4427
2025-02-23 19:16:39 - DEBUG - Using proactor: IocpProactor
2025-02-23 19:16:39 - INFO - Assets path configured: D:\Jhonatan\Programação\Projetos\SeekBot Testes\Homologação\assets
2025-02-23 19:16:39 - DEBUG - Creating new PubSubHub instance
2025-02-23 19:16:39 - DEBUG - Creating new PubSubHub instance
2025-02-23 19:16:39 - INFO - Starting up TCP server on localhost:55294
2025-02-23 19:16:39 - INFO - Flet app has started...
2025-02-23 19:16:39 - DEBUG - Connected new TCP client
